
Current In-Class Work Grade: 79.16666666666666%
Current PSET Grade: 95.83333333333334%
Current Midterms Grade: 90.0%
Current Overall Class Grade (normalized): 88.57142857142858%
Please select which category you would like to update:
1: In-Class Grade
2: PSET Grade
3: Midterm Grade
Current In-Class Work Grade: 79.16666666666666%
Current PSET Grade: 95.83333333333334%
Current Midterms Grade: 90.0%
Current Overall Class Grade (normalized): 88.57142857142858%
Please select which category you would like to update:
1: In-Class Grade
2: PSET Grade
3: Midterm Grade
Current In-Class Work Grade: 79.16666666666666%
Current PSET Grade: 95.83333333333334%
Current Midterms Grade: 90.0%
Current Overall Class Grade (normalized): 88.57142857142858%
Please select which category you would like to update:
1: In-Class Grade
2: PSET Grade
3: Midterm Grade
Current In-Class Work Grade: 79.16666666666666%
Current PSET Grade: 95.83333333333334%
Current Midterms Grade: 90.0%
Current Overall Class Grade (normalized): 88.57142857142858%
Please select which category you would like to update:
1: In-Class Grade
2: PSET Grade
3: Midterm Grade
